<?xml version="1.0" encoding="UTF-8"?>
<testsuite name="prgms.jpamission2.orderTest.OrderRepositoryTest" tests="4" skipped="0" failures="0" errors="0" timestamp="2023-08-04T13:04:26" hostname="OSH" time="0.863">
  <properties/>
  <testcase name="연관관계_메소드_테스트_멤버설정()" classname="prgms.jpamission2.orderTest.OrderRepositoryTest" time="0.628"/>
  <testcase name="주문회원_조회_테스트()" classname="prgms.jpamission2.orderTest.OrderRepositoryTest" time="0.029"/>
  <testcase name="연관관계_메소드_테스트_아이템추가()" classname="prgms.jpamission2.orderTest.OrderRepositoryTest" time="0.022"/>
  <testcase name="주문_저장소_조회_테스트()" classname="prgms.jpamission2.orderTest.OrderRepositoryTest" time="0.177"/>
  <system-out><![CDATA[22:04:22.825 [Test worker] INFO org.springframework.test.context.support.AnnotationConfigContextLoaderUtils -- Could not detect default configuration classes for test class [prgms.jpamission2.orderTest.OrderRepositoryTest]: OrderRepositoryTest does not declare any static, non-private, non-final, nested classes annotated with @Configuration.
22:04:22.899 [Test worker] INFO org.springframework.boot.test.context.SpringBootTestContextBootstrapper -- Found @SpringBootConfiguration prgms.jpamission2.JpaMission2Application for test class prgms.jpamission2.orderTest.OrderRepositoryTest

  .   ____          _            __ _ _
 /\\ / ___'_ __ _ _(_)_ __  __ _ \ \ \ \
( ( )\___ | '_ | '_| | '_ \/ _` | \ \ \ \
 \\/  ___)| |_)| | | | | || (_| |  ) ) ) )
  '  |____| .__|_| |_|_| |_\__, | / / / /
 =========|_|==============|___/=/_/_/_/
 :: Spring Boot ::                (v3.1.2)

2023-08-04T22:04:23.230+09:00  INFO 1252332 --- [    Test worker] p.j.orderTest.OrderRepositoryTest        : Starting OrderRepositoryTest using Java 20.0.1 with PID 1252332 (started by root in /home/osh/Downloads/springboot-jpa)
2023-08-04T22:04:23.232+09:00  INFO 1252332 --- [    Test worker] p.j.orderTest.OrderRepositoryTest        : No active profile set, falling back to 1 default profile: "default"
2023-08-04T22:04:23.737+09:00  INFO 1252332 --- [    Test worker] .s.d.r.c.RepositoryConfigurationDelegate : Bootstrapping Spring Data JPA repositories in DEFAULT mode.
2023-08-04T22:04:23.785+09:00  INFO 1252332 --- [    Test worker] .s.d.r.c.RepositoryConfigurationDelegate : Finished Spring Data repository scanning in 41 ms. Found 2 JPA repository interfaces.
2023-08-04T22:04:24.114+09:00  INFO 1252332 --- [    Test worker] o.hibernate.jpa.internal.util.LogHelper  : HHH000204: Processing PersistenceUnitInfo [name: default]
2023-08-04T22:04:24.153+09:00  INFO 1252332 --- [    Test worker] org.hibernate.Version                    : HHH000412: Hibernate ORM core version 6.2.6.Final
2023-08-04T22:04:24.155+09:00  INFO 1252332 --- [    Test worker] org.hibernate.cfg.Environment            : HHH000406: Using bytecode reflection optimizer
2023-08-04T22:04:24.270+09:00  INFO 1252332 --- [    Test worker] o.h.b.i.BytecodeProviderInitiator        : HHH000021: Bytecode provider name : bytebuddy
2023-08-04T22:04:24.373+09:00  INFO 1252332 --- [    Test worker] o.s.o.j.p.SpringPersistenceUnitInfo      : No LoadTimeWeaver setup: ignoring JPA class transformer
2023-08-04T22:04:24.851+09:00  INFO 1252332 --- [    Test worker] o.h.b.i.BytecodeProviderInitiator        : HHH000021: Bytecode provider name : bytebuddy
2023-08-04T22:04:25.635+09:00  INFO 1252332 --- [    Test worker] o.h.e.t.j.p.i.JtaPlatformInitiator       : HHH000490: Using JtaPlatform implementation: [org.hibernate.engine.transaction.jta.platform.internal.NoJtaPlatform]
Hibernate: drop table if exists customers cascade 
Hibernate: drop table if exists item cascade 
Hibernate: drop table if exists member cascade 
Hibernate: drop table if exists order_item cascade 
Hibernate: drop table if exists orders cascade 
Hibernate: drop sequence if exists item_SEQ
Hibernate: drop sequence if exists member_SEQ
Hibernate: drop sequence if exists order_item_SEQ
Hibernate: create sequence item_SEQ start with 1 increment by 50
Hibernate: create sequence member_SEQ start with 1 increment by 50
Hibernate: create sequence order_item_SEQ start with 1 increment by 50
Hibernate: create table customers (id bigint not null, firstName varchar(255), lastName varchar(255), primary key (id))
Hibernate: create table item (height integer, power integer, price integer not null, stockQuantity integer not null, width integer, created_at TIMESTAMP, id bigint not null, order_item_id bigint, DTYPE varchar(31) not null, chef varchar(255), created_by varchar(255), primary key (id))
Hibernate: create table member (age integer not null, created_at TIMESTAMP, id bigint not null, name varchar(30) not null, nickName varchar(30) not null unique, address varchar(255) not null, created_by varchar(255), description varchar(255), primary key (id))
Hibernate: create table order_item (price integer not null, quantity integer not null, created_at TIMESTAMP, id bigint not null, created_by varchar(255), order_id varchar(255), primary key (id))
Hibernate: create table orders (created_at TIMESTAMP, member_id bigint, order_datetime TIMESTAMP, created_by varchar(255), id varchar(255) not null, orderStatus varchar(255) check (orderStatus in ('OPENED','CANCELLED')), memo clob, primary key (id))
Hibernate: alter table if exists item add constraint FK7iq7dnw3709wtxk9nxqpqy1bn foreign key (order_item_id) references order_item
Hibernate: alter table if exists order_item add constraint FKt4dc2r9nbvbujrljv3e23iibt foreign key (order_id) references orders
Hibernate: alter table if exists orders add constraint FKpktxwhj3x9m4gth5ff6bkqgeb foreign key (member_id) references member
2023-08-04T22:04:25.706+09:00  INFO 1252332 --- [    Test worker] j.LocalContainerEntityManagerFactoryBean : Initialized JPA EntityManagerFactory for persistence unit 'default'
2023-08-04T22:04:26.337+09:00  INFO 1252332 --- [    Test worker] o.s.b.a.h2.H2ConsoleAutoConfiguration    : H2 console available at '/h2-console'. Database available at 'jdbc:h2:~/test'
2023-08-04T22:04:26.424+09:00  INFO 1252332 --- [    Test worker] p.j.orderTest.OrderRepositoryTest        : Started OrderRepositoryTest in 3.407 seconds (process running for 4.308)
Hibernate: select o1_0.id,o1_0.created_at,o1_0.created_by,m1_0.id,m1_0.address,m1_0.age,m1_0.created_at,m1_0.created_by,m1_0.description,m1_0.name,m1_0.nickName,o1_0.memo,o1_0.order_datetime,o1_0.orderStatus,o2_0.order_id,o2_0.id,o2_0.created_at,o2_0.created_by,o2_0.price,o2_0.quantity from orders o1_0 left join member m1_0 on m1_0.id=o1_0.member_id left join order_item o2_0 on o1_0.id=o2_0.order_id where o1_0.id=?
Hibernate: select next value for member_SEQ
Hibernate: select o1_0.id,o1_0.created_at,o1_0.created_by,m1_0.id,m1_0.address,m1_0.age,m1_0.created_at,m1_0.created_by,m1_0.description,m1_0.name,m1_0.nickName,o1_0.memo,o1_0.order_datetime,o1_0.orderStatus,o2_0.order_id,o2_0.id,o2_0.created_at,o2_0.created_by,o2_0.price,o2_0.quantity from orders o1_0 left join member m1_0 on m1_0.id=o1_0.member_id left join order_item o2_0 on o1_0.id=o2_0.order_id where o1_0.id=?
Hibernate: select next value for member_SEQ
Hibernate: insert into member (address,age,created_at,created_by,description,name,nickName,id) values (?,?,?,?,?,?,?,?)
Hibernate: insert into orders (created_at,created_by,member_id,memo,order_datetime,orderStatus,id) values (?,?,?,?,?,?,?)
Hibernate: insert into member (address,age,created_at,created_by,description,name,nickName,id) values (?,?,?,?,?,?,?,?)
Hibernate: insert into orders (created_at,created_by,member_id,memo,order_datetime,orderStatus,id) values (?,?,?,?,?,?,?)
Hibernate: select o1_0.id,o1_0.created_at,o1_0.created_by,o1_0.member_id,o1_0.memo,o1_0.order_datetime,o1_0.orderStatus from orders o1_0
]]></system-out>
  <system-err><![CDATA[]]></system-err>
</testsuite>
