<?xml version="1.0" encoding="UTF-8"?>
<testsuite name="prgms.mission3.order.OrderRepositoryTest" tests="1" skipped="0" failures="0" errors="0" timestamp="2023-07-28T17:56:03" hostname="OSH" time="0.838">
  <properties/>
  <testcase name="JPA_query()" classname="prgms.mission3.order.OrderRepositoryTest" time="0.838"/>
  <system-out><![CDATA[02:56:00.421 [Test worker] INFO org.springframework.test.context.support.AnnotationConfigContextLoaderUtils -- Could not detect default configuration classes for test class [prgms.mission3.order.OrderRepositoryTest]: OrderRepositoryTest does not declare any static, non-private, non-final, nested classes annotated with @Configuration.
02:56:00.513 [Test worker] INFO org.springframework.boot.test.context.SpringBootTestContextBootstrapper -- Found @SpringBootConfiguration prgms.mission3.Mission3Application for test class prgms.mission3.order.OrderRepositoryTest

  .   ____          _            __ _ _
 /\\ / ___'_ __ _ _(_)_ __  __ _ \ \ \ \
( ( )\___ | '_ | '_| | '_ \/ _` | \ \ \ \
 \\/  ___)| |_)| | | | | || (_| |  ) ) ) )
  '  |____| .__|_| |_|_| |_\__, | / / / /
 =========|_|==============|___/=/_/_/_/
 :: Spring Boot ::                (v3.1.2)

2023-07-29T02:56:00.849+09:00  INFO 901490 --- [    Test worker] p.mission3.order.OrderRepositoryTest     : Starting OrderRepositoryTest using Java 20.0.1 with PID 901490 (started by root in /home/osh/Documents/mission3)
2023-07-29T02:56:00.850+09:00  INFO 901490 --- [    Test worker] p.mission3.order.OrderRepositoryTest     : No active profile set, falling back to 1 default profile: "default"
2023-07-29T02:56:01.266+09:00  INFO 901490 --- [    Test worker] .s.d.r.c.RepositoryConfigurationDelegate : Bootstrapping Spring Data JPA repositories in DEFAULT mode.
2023-07-29T02:56:01.317+09:00  INFO 901490 --- [    Test worker] .s.d.r.c.RepositoryConfigurationDelegate : Finished Spring Data repository scanning in 42 ms. Found 1 JPA repository interfaces.
2023-07-29T02:56:01.662+09:00  INFO 901490 --- [    Test worker] o.hibernate.jpa.internal.util.LogHelper  : HHH000204: Processing PersistenceUnitInfo [name: default]
2023-07-29T02:56:01.699+09:00  INFO 901490 --- [    Test worker] org.hibernate.Version                    : HHH000412: Hibernate ORM core version 6.2.6.Final
2023-07-29T02:56:01.702+09:00  INFO 901490 --- [    Test worker] org.hibernate.cfg.Environment            : HHH000406: Using bytecode reflection optimizer
2023-07-29T02:56:01.821+09:00  INFO 901490 --- [    Test worker] o.h.b.i.BytecodeProviderInitiator        : HHH000021: Bytecode provider name : bytebuddy
2023-07-29T02:56:01.917+09:00  INFO 901490 --- [    Test worker] o.s.o.j.p.SpringPersistenceUnitInfo      : No LoadTimeWeaver setup: ignoring JPA class transformer
2023-07-29T02:56:02.359+09:00  INFO 901490 --- [    Test worker] o.h.b.i.BytecodeProviderInitiator        : HHH000021: Bytecode provider name : bytebuddy
2023-07-29T02:56:02.916+09:00  INFO 901490 --- [    Test worker] o.h.e.t.j.p.i.JtaPlatformInitiator       : HHH000490: Using JtaPlatform implementation: [org.hibernate.engine.transaction.jta.platform.internal.NoJtaPlatform]
Hibernate: drop table if exists item cascade 
Hibernate: drop table if exists member cascade 
Hibernate: drop table if exists order_item cascade 
Hibernate: drop table if exists orders cascade 
Hibernate: drop sequence if exists item_SEQ
Hibernate: drop sequence if exists member_SEQ
Hibernate: drop sequence if exists order_item_SEQ
Hibernate: create sequence item_SEQ start with 1 increment by 50
Hibernate: create sequence member_SEQ start with 1 increment by 50
Hibernate: create sequence order_item_SEQ start with 1 increment by 50
Hibernate: create table item (height integer, power integer, price integer not null, stockQuantity integer not null, width integer, created_at TIMESTAMP, id bigint not null, order_item_id bigint, DTYPE varchar(31) not null, chef varchar(255), created_by varchar(255), primary key (id))
Hibernate: create table member (age integer not null, created_at TIMESTAMP, id bigint not null, name varchar(30) not null, nickName varchar(30) not null unique, address varchar(255) not null, created_by varchar(255), description varchar(255), primary key (id))
Hibernate: create table order_item (price integer not null, quantity integer not null, created_at TIMESTAMP, id bigint not null, created_by varchar(255), order_id varchar(255), primary key (id))
Hibernate: create table orders (created_at TIMESTAMP, member_id bigint, order_datetime TIMESTAMP, created_by varchar(255), id varchar(255) not null, orderStatus varchar(255) check (orderStatus in ('OPENED','CANCELLED')), memo clob, primary key (id))
Hibernate: alter table if exists item add constraint FK7iq7dnw3709wtxk9nxqpqy1bn foreign key (order_item_id) references order_item
Hibernate: alter table if exists order_item add constraint FKt4dc2r9nbvbujrljv3e23iibt foreign key (order_id) references orders
Hibernate: alter table if exists orders add constraint FKpktxwhj3x9m4gth5ff6bkqgeb foreign key (member_id) references member
2023-07-29T02:56:02.984+09:00  INFO 901490 --- [    Test worker] j.LocalContainerEntityManagerFactoryBean : Initialized JPA EntityManagerFactory for persistence unit 'default'
2023-07-29T02:56:03.571+09:00  INFO 901490 --- [    Test worker] o.s.b.a.h2.H2ConsoleAutoConfiguration    : H2 console available at '/h2-console'. Database available at 'jdbc:h2:~/test'
2023-07-29T02:56:03.620+09:00  INFO 901490 --- [    Test worker] p.mission3.order.OrderRepositoryTest     : Started OrderRepositoryTest in 2.986 seconds (process running for 3.85)
Hibernate: select o1_0.id,o1_0.created_at,o1_0.created_by,m1_0.id,m1_0.address,m1_0.age,m1_0.created_at,m1_0.created_by,m1_0.description,m1_0.name,m1_0.nickName,o1_0.memo,o1_0.order_datetime,o1_0.orderStatus,o2_0.order_id,o2_0.id,o2_0.created_at,o2_0.created_by,o2_0.price,o2_0.quantity from orders o1_0 left join member m1_0 on m1_0.id=o1_0.member_id left join order_item o2_0 on o1_0.id=o2_0.order_id where o1_0.id=?
Hibernate: select next value for member_SEQ
Hibernate: insert into member (address,age,created_at,created_by,description,name,nickName,id) values (?,?,?,?,?,?,?,?)
Hibernate: insert into orders (created_at,created_by,member_id,memo,order_datetime,orderStatus,id) values (?,?,?,?,?,?,?)
Hibernate: select o1_0.id,o1_0.created_at,o1_0.created_by,o1_0.member_id,o1_0.memo,o1_0.order_datetime,o1_0.orderStatus from orders o1_0
Hibernate: select count(*) from orders o1_0 where o1_0.id=?
Hibernate: select o1_0.id,o1_0.created_at,o1_0.created_by,o1_0.member_id,o1_0.memo,o1_0.order_datetime,o1_0.orderStatus from orders o1_0
]]></system-out>
  <system-err><![CDATA[]]></system-err>
</testsuite>
