<?xml version="1.0" encoding="UTF-8"?>
<testsuite name="prgms.jpamission2.persistenceTest.PersistenceContextTest" tests="4" skipped="0" failures="0" errors="0" timestamp="2023-07-27T09:20:29" hostname="OSH" time="0.786">
  <properties/>
  <testcase name="delete()" classname="prgms.jpamission2.persistenceTest.PersistenceContextTest" time="0.73"/>
  <testcase name="update()" classname="prgms.jpamission2.persistenceTest.PersistenceContextTest" time="0.02"/>
  <testcase name="read()" classname="prgms.jpamission2.persistenceTest.PersistenceContextTest" time="0.02"/>
  <testcase name="save()" classname="prgms.jpamission2.persistenceTest.PersistenceContextTest" time="0.011"/>
  <system-out><![CDATA[18:20:25.464 [Test worker] INFO org.springframework.test.context.support.AnnotationConfigContextLoaderUtils -- Could not detect default configuration classes for test class [prgms.jpamission2.persistenceTest.PersistenceContextTest]: PersistenceContextTest does not declare any static, non-private, non-final, nested classes annotated with @Configuration.
18:20:25.553 [Test worker] INFO org.springframework.boot.test.context.SpringBootTestContextBootstrapper -- Found @SpringBootConfiguration prgms.jpamission2.JpaMission2Application for test class prgms.jpamission2.persistenceTest.PersistenceContextTest

  .   ____          _            __ _ _
 /\\ / ___'_ __ _ _(_)_ __  __ _ \ \ \ \
( ( )\___ | '_ | '_| | '_ \/ _` | \ \ \ \
 \\/  ___)| |_)| | | | | || (_| |  ) ) ) )
  '  |____| .__|_| |_|_| |_\__, | / / / /
 =========|_|==============|___/=/_/_/_/
 :: Spring Boot ::                (v3.1.2)

2023-07-27T18:20:25.928+09:00  INFO 1634892 --- [    Test worker] p.j.p.PersistenceContextTest             : Starting PersistenceContextTest using Java 20.0.1 with PID 1634892 (started by root in /home/osh/Documents/jpa_mission2)
2023-07-27T18:20:25.930+09:00  INFO 1634892 --- [    Test worker] p.j.p.PersistenceContextTest             : No active profile set, falling back to 1 default profile: "default"
2023-07-27T18:20:26.484+09:00  INFO 1634892 --- [    Test worker] .s.d.r.c.RepositoryConfigurationDelegate : Bootstrapping Spring Data JPA repositories in DEFAULT mode.
2023-07-27T18:20:26.534+09:00  INFO 1634892 --- [    Test worker] .s.d.r.c.RepositoryConfigurationDelegate : Finished Spring Data repository scanning in 42 ms. Found 1 JPA repository interfaces.
2023-07-27T18:20:26.912+09:00  INFO 1634892 --- [    Test worker] o.hibernate.jpa.internal.util.LogHelper  : HHH000204: Processing PersistenceUnitInfo [name: default]
2023-07-27T18:20:26.951+09:00  INFO 1634892 --- [    Test worker] org.hibernate.Version                    : HHH000412: Hibernate ORM core version 6.2.6.Final
2023-07-27T18:20:26.954+09:00  INFO 1634892 --- [    Test worker] org.hibernate.cfg.Environment            : HHH000406: Using bytecode reflection optimizer
2023-07-27T18:20:27.083+09:00  INFO 1634892 --- [    Test worker] o.h.b.i.BytecodeProviderInitiator        : HHH000021: Bytecode provider name : bytebuddy
2023-07-27T18:20:27.214+09:00  INFO 1634892 --- [    Test worker] o.s.o.j.p.SpringPersistenceUnitInfo      : No LoadTimeWeaver setup: ignoring JPA class transformer
2023-07-27T18:20:27.659+09:00  INFO 1634892 --- [    Test worker] o.h.b.i.BytecodeProviderInitiator        : HHH000021: Bytecode provider name : bytebuddy
2023-07-27T18:20:28.146+09:00  INFO 1634892 --- [    Test worker] o.h.e.t.j.p.i.JtaPlatformInitiator       : HHH000490: Using JtaPlatform implementation: [org.hibernate.engine.transaction.jta.platform.internal.NoJtaPlatform]
Hibernate: drop table if exists customers cascade 
Hibernate: drop table if exists member cascade 
Hibernate: drop sequence if exists member_SEQ
Hibernate: create sequence member_SEQ start with 1 increment by 50
Hibernate: create table customers (id bigint not null, firstName varchar(255), lastName varchar(255), primary key (id))
Hibernate: create table member (age integer not null, id bigint not null, name varchar(30) not null, nuck_name varchar(30) not null unique, address varchar(255) not null, description varchar(255), primary key (id))
2023-07-27T18:20:28.203+09:00  INFO 1634892 --- [    Test worker] j.LocalContainerEntityManagerFactoryBean : Initialized JPA EntityManagerFactory for persistence unit 'default'
2023-07-27T18:20:28.946+09:00  INFO 1634892 --- [    Test worker] o.s.b.a.h2.H2ConsoleAutoConfiguration    : H2 console available at '/h2-console'. Database available at 'jdbc:h2:~/test'
2023-07-27T18:20:29.024+09:00  INFO 1634892 --- [    Test worker] p.j.p.PersistenceContextTest             : Started PersistenceContextTest in 3.342 seconds (process running for 4.305)
Hibernate: select c1_0.id,c1_0.firstName,c1_0.lastName from customers c1_0
Hibernate: insert into customers (firstName,lastName,id) values (?,?,?)
Hibernate: delete from customers where id=?
Hibernate: select c1_0.id,c1_0.firstName,c1_0.lastName from customers c1_0
Hibernate: insert into customers (firstName,lastName,id) values (?,?,?)
Hibernate: update customers set firstName=?,lastName=? where id=?
Hibernate: select c1_0.id,c1_0.firstName,c1_0.lastName from customers c1_0
Hibernate: delete from customers where id=?
Hibernate: insert into customers (firstName,lastName,id) values (?,?,?)
Hibernate: select c1_0.id,c1_0.firstName,c1_0.lastName from customers c1_0 where c1_0.id=?
Hibernate: select c1_0.id,c1_0.firstName,c1_0.lastName from customers c1_0 where c1_0.id=?
Hibernate: select c1_0.id,c1_0.firstName,c1_0.lastName from customers c1_0
Hibernate: delete from customers where id=?
Hibernate: insert into customers (firstName,lastName,id) values (?,?,?)
]]></system-out>
  <system-err><![CDATA[]]></system-err>
</testsuite>
